{"name": "test_delete_employee", "status": "failed", "statusDetails": {"message": "AssertionError: status code is incorrect: 500", "trace": "employees_update_delete_endpoint = <endpoints.employees.Employees object at 0x10743eeb0>\n\n    def test_delete_employee(employees_update_delete_endpoint):\n>       employees_update_delete_endpoint.delete_employee()\n\ntest_employees.py:22: \n_ _ _ _ _ _ _ _ _ _ _ _ _ _ _ _ _ _ _ _ _ _ _ _ _ _ _ _ _ _ _ _ _ _ _ _ _ _ _ _ \n\nself = <endpoints.employees.Employees object at 0x10743eeb0>\n\n    def delete_employee(self):\n        response = requests.delete(self.url, headers=self.headers)\n>       assert response.status_code == 201, f'status code is incorrect: {response.status_code}'\nE       AssertionError: status code is incorrect: 500\n\n../endpoints/employees.py:49: AssertionError"}, "attachments": [{"name": "log", "source": "375a6a77-7519-4ad1-b35f-b9a6f776cf38-attachment.txt", "type": "text/plain"}], "start": 1694467025374, "stop": 1694467025382, "uuid": "dd1485ba-afe0-4f73-aaa8-a2cb642cc991", "historyId": "2bde0470a5eddbca3293dab8710ba20f", "testCaseId": "2bde0470a5eddbca3293dab8710ba20f", "fullName": "tests.test_employees#test_delete_employee", "labels": [{"name": "parentSuite", "value": "tests"}, {"name": "suite", "value": "test_employees"}, {"name": "host", "value": "MacBook-Pro-Urij.local"}, {"name": "thread", "value": "2293-MainThread"}, {"name": "framework", "value": "pytest"}, {"name": "language", "value": "cpython3"}, {"name": "package", "value": "tests.test_employees"}]}